<?xml version="1.0" encoding="UTF-8"?>
<!-- Generated by org.testng.reporters.JUnitXMLReporter -->
<testsuite ignored="2" hostname="Art" failures="1" tests="1" name="Command line test" time="2.005" errors="0" timestamp="2024-03-12T00:36:39 CET">
  <testcase classname="uiTests.SearchTest" name="searchItemTest" time="0.122">
    <failure type="java.lang.NullPointerException">
      <![CDATA[java.lang.NullPointerException
at java.base/java.util.Objects.requireNonNull(Objects.java:222)
at java.base/java.util.ImmutableCollections$Map1.<init>(ImmutableCollections.java:884)
at java.base/java.util.Map.of(Map.java:1308)
at org.openqa.selenium.remote.DriverCommand.GET(DriverCommand.java:180)
at org.openqa.selenium.remote.RemoteWebDriver.get(RemoteWebDriver.java:301)
at uiTests.SearchTest.searchItemTest(SearchTest.java:15)
at java.base/java.util.ArrayList.forEach(ArrayList.java:1511)
... Removed 37 stack frames]]>
    </failure>
  </testcase> <!-- searchItemTest -->
  <testcase classname="uiTests.BaseTest" name="@BeforeTest setUp" time="0.0">
    <ignored/>
  </testcase> <!-- @BeforeTest setUp -->
  <testcase classname="uiTests.BaseTest" name="@AfterTest close" time="0.0">
    <ignored/>
  </testcase> <!-- @AfterTest close -->
</testsuite> <!-- Command line test -->
