<?xml version="1.0" encoding="UTF-8" ?>
<testsuite tests="1" failures="1" name="TestSuite" time="0.155" errors="0" skipped="0">
  <properties>
[...]
</properties>
  <testcase classname="uiTests.SearchTest" name="searchItemTest" time="0.155">
    <failure type="java.lang.NullPointerException">java.lang.NullPointerException
	at java.base/java.util.Objects.requireNonNull(Objects.java:222)
	at java.base/java.util.ImmutableCollections$Map1.&lt;init&gt;(ImmutableCollections.java:884)
	at java.base/java.util.Map.of(Map.java:1308)
	at org.openqa.selenium.remote.DriverCommand.GET(DriverCommand.java:180)
	at org.openqa.selenium.remote.RemoteWebDriver.get(RemoteWebDriver.java:301)
	at uiTests.SearchTest.searchItemTest(SearchTest.java:15)
</failure>
    <system-out>Configuring TestNG with: org.apache.maven.surefire.testng.conf.TestNG652Configurator@3cbbc1e0
</system-out>
    <system-err>546 [main] INFO io.github.bonigarcia.wdm.WebDriverManager - Using chromedriver 122.0.6261.111 (resolved driver for Chrome 122)
557 [main] INFO io.github.bonigarcia.wdm.WebDriverManager - Exporting webdriver.chrome.driver as C:\Users\gwynn_z6sfyio\.cache\selenium\chromedriver\win64\122.0.6261.111\chromedriver.exe
</system-err>
  </testcase>
</testsuite>